# JRE version: Java(TM) SE Runtime Environment (8.0_441) (build 1.8.0_441-b07)
# Java VM: Java HotSpot(TM) 64-Bit Server VM (25.441-b07 mixed mode windows-amd64 compressed oops)
Heap:
 PSYoungGen      total 59392K, used 31206K [0x00000000eb580000, 0x00000000f0880000, 0x0000000100000000)
  eden space 50688K, 61% used [0x00000000eb580000,0x00000000ed3f98b8,0x00000000ee700000)
  from space 8704K, 0% used [0x00000000ef400000,0x00000000ef400000,0x00000000efc80000)
  to   space 13312K, 0% used [0x00000000ee700000,0x00000000ee700000,0x00000000ef400000)
 ParOldGen       total 48640K, used 15496K [0x00000000c2000000, 0x00000000c4f80000, 0x00000000eb580000)
  object space 48640K, 31% used [0x00000000c2000000,0x00000000c2f221c0,0x00000000c4f80000)
 Metaspace       used 37352K, capacity 37682K, committed 38056K, reserved 1083392K
  class space    used 4662K, capacity 4767K, committed 4776K, reserved 1048576K
GC Heap History (10 events):
Event: 22.306 GC heap before
{Heap before GC invocations=4 (full 1):
 PSYoungGen      total 18432K, used 2533K [0x00000000eb580000, 0x00000000ed980000, 0x0000000100000000)
  eden space 15872K, 0% used [0x00000000eb580000,0x00000000eb580000,0x00000000ec500000)
  from space 2560K, 98% used [0x00000000ec500000,0x00000000ec7794f0,0x00000000ec780000)
  to   space 2560K, 0% used [0x00000000ed700000,0x00000000ed700000,0x00000000ed980000)
 ParOldGen       total 42496K, used 8024K [0x00000000c2000000, 0x00000000c4980000, 0x00000000eb580000)
  object space 42496K, 18% used [0x00000000c2000000,0x00000000c27d6348,0x00000000c4980000)
 Metaspace       used 20953K, capacity 21122K, committed 21296K, reserved 1069056K
  class space    used 2618K, capacity 2665K, committed 2688K, reserved 1048576K
Event: 22.351 GC heap after
Heap after GC invocations=4 (full 1):
 PSYoungGen      total 18432K, used 0K [0x00000000eb580000, 0x00000000ed980000, 0x0000000100000000)
  eden space 15872K, 0% used [0x00000000eb580000,0x00000000eb580000,0x00000000ec500000)
  from space 2560K, 0% used [0x00000000ec500000,0x00000000ec500000,0x00000000ec780000)
  to   space 2560K, 0% used [0x00000000ed700000,0x00000000ed700000,0x00000000ed980000)
 ParOldGen       total 29696K, used 6851K [0x00000000c2000000, 0x00000000c3d00000, 0x00000000eb580000)
  object space 29696K, 23% used [0x00000000c2000000,0x00000000c26b0e58,0x00000000c3d00000)
 Metaspace       used 20953K, capacity 21122K, committed 21296K, reserved 1069056K
  class space    used 2618K, capacity 2665K, committed 2688K, reserved 1048576K
}
Event: 23.621 GC heap before
{Heap before GC invocations=5 (full 1):
 PSYoungGen      total 18432K, used 15872K [0x00000000eb580000, 0x00000000ed980000, 0x0000000100000000)
  eden space 15872K, 100% used [0x00000000eb580000,0x00000000ec500000,0x00000000ec500000)
  from space 2560K, 0% used [0x00000000ec500000,0x00000000ec500000,0x00000000ec780000)
  to   space 2560K, 0% used [0x00000000ed700000,0x00000000ed700000,0x00000000ed980000)
 ParOldGen       total 29696K, used 6851K [0x00000000c2000000, 0x00000000c3d00000, 0x00000000eb580000)
  object space 29696K, 23% used [0x00000000c2000000,0x00000000c26b0e58,0x00000000c3d00000)
 Metaspace       used 23280K, capacity 23542K, committed 23808K, reserved 1071104K
  class space    used 2864K, capacity 2971K, committed 3072K, reserved 1048576K
Event: 23.627 GC heap after
Heap after GC invocations=5 (full 1):
 PSYoungGen      total 32256K, used 2535K [0x00000000eb580000, 0x00000000ed980000, 0x0000000100000000)
  eden space 29696K, 0% used [0x00000000eb580000,0x00000000eb580000,0x00000000ed280000)
  from space 2560K, 99% used [0x00000000ed700000,0x00000000ed979fb8,0x00000000ed980000)
  to   space 2560K, 0% used [0x00000000ed480000,0x00000000ed480000,0x00000000ed700000)
 ParOldGen       total 29696K, used 7394K [0x00000000c2000000, 0x00000000c3d00000, 0x00000000eb580000)
  object space 29696K, 24% used [0x00000000c2000000,0x00000000c27389d8,0x00000000c3d00000)
 Metaspace       used 23280K, capacity 23542K, committed 23808K, reserved 1071104K
  class space    used 2864K, capacity 2971K, committed 3072K, reserved 1048576K
}
Event: 25.878 GC heap before
{Heap before GC invocations=6 (full 1):
 PSYoungGen      total 32256K, used 32231K [0x00000000eb580000, 0x00000000ed980000, 0x0000000100000000)
  eden space 29696K, 100% used [0x00000000eb580000,0x00000000ed280000,0x00000000ed280000)
  from space 2560K, 99% used [0x00000000ed700000,0x00000000ed979fb8,0x00000000ed980000)
  to   space 2560K, 0% used [0x00000000ed480000,0x00000000ed480000,0x00000000ed700000)
 ParOldGen       total 29696K, used 7394K [0x00000000c2000000, 0x00000000c3d00000, 0x00000000eb580000)
  object space 29696K, 24% used [0x00000000c2000000,0x00000000c27389d8,0x00000000c3d00000)
 Metaspace       used 29652K, capacity 29940K, committed 30336K, reserved 1075200K
  class space    used 3753K, capacity 3842K, committed 3968K, reserved 1048576K
Event: 25.899 GC heap after
Heap after GC invocations=6 (full 1):
 PSYoungGen      total 34304K, used 2560K [0x00000000eb580000, 0x00000000efc80000, 0x0000000100000000)
  eden space 31744K, 0% used [0x00000000eb580000,0x00000000eb580000,0x00000000ed480000)
  from space 2560K, 100% used [0x00000000ed480000,0x00000000ed700000,0x00000000ed700000)
  to   space 8704K, 0% used [0x00000000ef400000,0x00000000ef400000,0x00000000efc80000)
 ParOldGen       total 29696K, used 11485K [0x00000000c2000000, 0x00000000c3d00000, 0x00000000eb580000)
  object space 29696K, 38% used [0x00000000c2000000,0x00000000c2b37408,0x00000000c3d00000)
 Metaspace       used 29652K, capacity 29940K, committed 30336K, reserved 1075200K
  class space    used 3753K, capacity 3842K, committed 3968K, reserved 1048576K
}
Event: 31.933 GC heap before
{Heap before GC invocations=7 (full 1):
 PSYoungGen      total 34304K, used 30614K [0x00000000eb580000, 0x00000000efc80000, 0x0000000100000000)
  eden space 31744K, 88% used [0x00000000eb580000,0x00000000ed0e5b80,0x00000000ed480000)
  from space 2560K, 100% used [0x00000000ed480000,0x00000000ed700000,0x00000000ed700000)
  to   space 8704K, 0% used [0x00000000ef400000,0x00000000ef400000,0x00000000efc80000)
 ParOldGen       total 29696K, used 11485K [0x00000000c2000000, 0x00000000c3d00000, 0x00000000eb580000)
  object space 29696K, 38% used [0x00000000c2000000,0x00000000c2b37408,0x00000000c3d00000)
 Metaspace       used 34994K, capacity 35236K, committed 35496K, reserved 1081344K
  class space    used 4427K, capacity 4510K, committed 4520K, reserved 1048576K
Event: 31.952 GC heap after
Heap after GC invocations=7 (full 1):
 PSYoungGen      total 59392K, used 8697K [0x00000000eb580000, 0x00000000f0880000, 0x0000000100000000)
  eden space 50688K, 0% used [0x00000000eb580000,0x00000000eb580000,0x00000000ee700000)
  from space 8704K, 99% used [0x00000000ef400000,0x00000000efc7e6b8,0x00000000efc80000)
  to   space 13312K, 0% used [0x00000000ee700000,0x00000000ee700000,0x00000000ef400000)
 ParOldGen       total 29696K, used 17403K [0x00000000c2000000, 0x00000000c3d00000, 0x00000000eb580000)
  object space 29696K, 58% used [0x00000000c2000000,0x00000000c30fef50,0x00000000c3d00000)
 Metaspace       used 34994K, capacity 35236K, committed 35496K, reserved 1081344K
  class space    used 4427K, capacity 4510K, committed 4520K, reserved 1048576K
}
Event: 31.952 GC heap before
{Heap before GC invocations=8 (full 2):
 PSYoungGen      total 59392K, used 8697K [0x00000000eb580000, 0x00000000f0880000, 0x0000000100000000)
  eden space 50688K, 0% used [0x00000000eb580000,0x00000000eb580000,0x00000000ee700000)
  from space 8704K, 99% used [0x00000000ef400000,0x00000000efc7e6b8,0x00000000efc80000)
  to   space 13312K, 0% used [0x00000000ee700000,0x00000000ee700000,0x00000000ef400000)
 ParOldGen       total 29696K, used 17403K [0x00000000c2000000, 0x00000000c3d00000, 0x00000000eb580000)
  object space 29696K, 58% used [0x00000000c2000000,0x00000000c30fef50,0x00000000c3d00000)
 Metaspace       used 34994K, capacity 35236K, committed 35496K, reserved 1081344K
  class space    used 4427K, capacity 4510K, committed 4520K, reserved 1048576K
Event: 32.056 GC heap after
Heap after GC invocations=8 (full 2):
 PSYoungGen      total 59392K, used 0K [0x00000000eb580000, 0x00000000f0880000, 0x0000000100000000)
  eden space 50688K, 0% used [0x00000000eb580000,0x00000000eb580000,0x00000000ee700000)
  from space 8704K, 0% used [0x00000000ef400000,0x00000000ef400000,0x00000000efc80000)
  to   space 13312K, 0% used [0x00000000ee700000,0x00000000ee700000,0x00000000ef400000)
 ParOldGen       total 48640K, used 15496K [0x00000000c2000000, 0x00000000c4f80000, 0x00000000eb580000)
  object space 48640K, 31% used [0x00000000c2000000,0x00000000c2f221c0,0x00000000c4f80000)
 Metaspace       used 34994K, capacity 35236K, committed 35496K, reserved 1081344K
  class space    used 4427K, capacity 4510K, committed 4520K, reserved 1048576K
}

