# JRE version: Java(TM) SE Runtime Environment (8.0_441) (build 1.8.0_441-b07)
# Java VM: Java HotSpot(TM) 64-Bit Server VM (25.441-b07 mixed mode windows-amd64 compressed oops)
Heap:
 PSYoungGen      total 40448K, used 16123K [0x00000000eb580000, 0x00000000ef600000, 0x0000000100000000)
  eden space 30720K, 52% used [0x00000000eb580000,0x00000000ec53ed08,0x00000000ed380000)
  from space 9728K, 0% used [0x00000000ee700000,0x00000000ee700000,0x00000000ef080000)
  to   space 5632K, 0% used [0x00000000ef080000,0x00000000ef080000,0x00000000ef600000)
 ParOldGen       total 36352K, used 13111K [0x00000000c2000000, 0x00000000c4380000, 0x00000000eb580000)
  object space 36352K, 36% used [0x00000000c2000000,0x00000000c2ccdee0,0x00000000c4380000)
 Metaspace       used 36491K, capacity 36818K, committed 37248K, reserved 1081344K
  class space    used 4581K, capacity 4671K, committed 4736K, reserved 1048576K
GC Heap History (10 events):
Event: 28.459 GC heap before
{Heap before GC invocations=5 (full 1):
 PSYoungGen      total 18432K, used 15872K [0x00000000eb580000, 0x00000000ed980000, 0x0000000100000000)
  eden space 15872K, 100% used [0x00000000eb580000,0x00000000ec500000,0x00000000ec500000)
  from space 2560K, 0% used [0x00000000ec500000,0x00000000ec500000,0x00000000ec780000)
  to   space 2560K, 0% used [0x00000000ed700000,0x00000000ed700000,0x00000000ed980000)
 ParOldGen       total 31744K, used 8859K [0x00000000c2000000, 0x00000000c3f00000, 0x00000000eb580000)
  object space 31744K, 27% used [0x00000000c2000000,0x00000000c28a6f80,0x00000000c3f00000)
 Metaspace       used 23331K, capacity 23606K, committed 23808K, reserved 1071104K
  class space    used 2868K, capacity 2971K, committed 3072K, reserved 1048576K
Event: 28.465 GC heap after
Heap after GC invocations=5 (full 1):
 PSYoungGen      total 32768K, used 2559K [0x00000000eb580000, 0x00000000ed980000, 0x0000000100000000)
  eden space 30208K, 0% used [0x00000000eb580000,0x00000000eb580000,0x00000000ed300000)
  from space 2560K, 99% used [0x00000000ed700000,0x00000000ed97fc50,0x00000000ed980000)
  to   space 2560K, 0% used [0x00000000ed480000,0x00000000ed480000,0x00000000ed700000)
 ParOldGen       total 31744K, used 9406K [0x00000000c2000000, 0x00000000c3f00000, 0x00000000eb580000)
  object space 31744K, 29% used [0x00000000c2000000,0x00000000c292f980,0x00000000c3f00000)
 Metaspace       used 23331K, capacity 23606K, committed 23808K, reserved 1071104K
  class space    used 2868K, capacity 2971K, committed 3072K, reserved 1048576K
}
Event: 30.727 GC heap before
{Heap before GC invocations=6 (full 1):
 PSYoungGen      total 32768K, used 32767K [0x00000000eb580000, 0x00000000ed980000, 0x0000000100000000)
  eden space 30208K, 100% used [0x00000000eb580000,0x00000000ed300000,0x00000000ed300000)
  from space 2560K, 99% used [0x00000000ed700000,0x00000000ed97fc50,0x00000000ed980000)
  to   space 2560K, 0% used [0x00000000ed480000,0x00000000ed480000,0x00000000ed700000)
 ParOldGen       total 31744K, used 9406K [0x00000000c2000000, 0x00000000c3f00000, 0x00000000eb580000)
  object space 31744K, 29% used [0x00000000c2000000,0x00000000c292f980,0x00000000c3f00000)
 Metaspace       used 29930K, capacity 30228K, committed 30592K, reserved 1075200K
  class space    used 3782K, capacity 3874K, committed 3968K, reserved 1048576K
Event: 30.739 GC heap after
Heap after GC invocations=6 (full 1):
 PSYoungGen      total 34304K, used 2560K [0x00000000eb580000, 0x00000000efe00000, 0x0000000100000000)
  eden space 31744K, 0% used [0x00000000eb580000,0x00000000eb580000,0x00000000ed480000)
  from space 2560K, 100% used [0x00000000ed480000,0x00000000ed700000,0x00000000ed700000)
  to   space 8704K, 0% used [0x00000000ef580000,0x00000000ef580000,0x00000000efe00000)
 ParOldGen       total 31744K, used 13601K [0x00000000c2000000, 0x00000000c3f00000, 0x00000000eb580000)
  object space 31744K, 42% used [0x00000000c2000000,0x00000000c2d48728,0x00000000c3f00000)
 Metaspace       used 29930K, capacity 30228K, committed 30592K, reserved 1075200K
  class space    used 3782K, capacity 3874K, committed 3968K, reserved 1048576K
}
Event: 56.913 GC heap before
{Heap before GC invocations=7 (full 1):
 PSYoungGen      total 34304K, used 34304K [0x00000000eb580000, 0x00000000efe00000, 0x0000000100000000)
  eden space 31744K, 100% used [0x00000000eb580000,0x00000000ed480000,0x00000000ed480000)
  from space 2560K, 100% used [0x00000000ed480000,0x00000000ed700000,0x00000000ed700000)
  to   space 8704K, 0% used [0x00000000ef580000,0x00000000ef580000,0x00000000efe00000)
 ParOldGen       total 31744K, used 13601K [0x00000000c2000000, 0x00000000c3f00000, 0x00000000eb580000)
  object space 31744K, 42% used [0x00000000c2000000,0x00000000c2d48728,0x00000000c3f00000)
 Metaspace       used 34888K, capacity 35212K, committed 35456K, reserved 1081344K
  class space    used 4387K, capacity 4478K, committed 4480K, reserved 1048576K
Event: 56.943 GC heap after
Heap after GC invocations=7 (full 1):
 PSYoungGen      total 39936K, used 8695K [0x00000000eb580000, 0x00000000efe00000, 0x0000000100000000)
  eden space 31232K, 0% used [0x00000000eb580000,0x00000000eb580000,0x00000000ed400000)
  from space 8704K, 99% used [0x00000000ef580000,0x00000000efdfdd30,0x00000000efe00000)
  to   space 11776K, 0% used [0x00000000ee700000,0x00000000ee700000,0x00000000ef280000)
 ParOldGen       total 31744K, used 16746K [0x00000000c2000000, 0x00000000c3f00000, 0x00000000eb580000)
  object space 31744K, 52% used [0x00000000c2000000,0x00000000c305a9a8,0x00000000c3f00000)
 Metaspace       used 34888K, capacity 35212K, committed 35456K, reserved 1081344K
  class space    used 4387K, capacity 4478K, committed 4480K, reserved 1048576K
}
Event: 64.727 GC heap before
{Heap before GC invocations=8 (full 1):
 PSYoungGen      total 39936K, used 11183K [0x00000000eb580000, 0x00000000efe00000, 0x0000000100000000)
  eden space 31232K, 7% used [0x00000000eb580000,0x00000000eb7ee278,0x00000000ed400000)
  from space 8704K, 99% used [0x00000000ef580000,0x00000000efdfdd30,0x00000000efe00000)
  to   space 11776K, 0% used [0x00000000ee700000,0x00000000ee700000,0x00000000ef280000)
 ParOldGen       total 31744K, used 16746K [0x00000000c2000000, 0x00000000c3f00000, 0x00000000eb580000)
  object space 31744K, 52% used [0x00000000c2000000,0x00000000c305a9a8,0x00000000c3f00000)
 Metaspace       used 34939K, capacity 35212K, committed 35456K, reserved 1081344K
  class space    used 4387K, capacity 4478K, committed 4480K, reserved 1048576K
Event: 64.737 GC heap after
Heap after GC invocations=8 (full 1):
 PSYoungGen      total 40448K, used 9561K [0x00000000eb580000, 0x00000000ef600000, 0x0000000100000000)
  eden space 30720K, 0% used [0x00000000eb580000,0x00000000eb580000,0x00000000ed380000)
  from space 9728K, 98% used [0x00000000ee700000,0x00000000ef056400,0x00000000ef080000)
  to   space 5632K, 0% used [0x00000000ef080000,0x00000000ef080000,0x00000000ef600000)
 ParOldGen       total 31744K, used 19302K [0x00000000c2000000, 0x00000000c3f00000, 0x00000000eb580000)
  object space 31744K, 60% used [0x00000000c2000000,0x00000000c32d9b58,0x00000000c3f00000)
 Metaspace       used 34939K, capacity 35212K, committed 35456K, reserved 1081344K
  class space    used 4387K, capacity 4478K, committed 4480K, reserved 1048576K
}
Event: 64.737 GC heap before
{Heap before GC invocations=9 (full 2):
 PSYoungGen      total 40448K, used 9561K [0x00000000eb580000, 0x00000000ef600000, 0x0000000100000000)
  eden space 30720K, 0% used [0x00000000eb580000,0x00000000eb580000,0x00000000ed380000)
  from space 9728K, 98% used [0x00000000ee700000,0x00000000ef056400,0x00000000ef080000)
  to   space 5632K, 0% used [0x00000000ef080000,0x00000000ef080000,0x00000000ef600000)
 ParOldGen       total 31744K, used 19302K [0x00000000c2000000, 0x00000000c3f00000, 0x00000000eb580000)
  object space 31744K, 60% used [0x00000000c2000000,0x00000000c32d9b58,0x00000000c3f00000)
 Metaspace       used 34939K, capacity 35212K, committed 35456K, reserved 1081344K
  class space    used 4387K, capacity 4478K, committed 4480K, reserved 1048576K
Event: 64.797 GC heap after
Heap after GC invocations=9 (full 2):
 PSYoungGen      total 40448K, used 0K [0x00000000eb580000, 0x00000000ef600000, 0x0000000100000000)
  eden space 30720K, 0% used [0x00000000eb580000,0x00000000eb580000,0x00000000ed380000)
  from space 9728K, 0% used [0x00000000ee700000,0x00000000ee700000,0x00000000ef080000)
  to   space 5632K, 0% used [0x00000000ef080000,0x00000000ef080000,0x00000000ef600000)
 ParOldGen       total 36352K, used 13111K [0x00000000c2000000, 0x00000000c4380000, 0x00000000eb580000)
  object space 36352K, 36% used [0x00000000c2000000,0x00000000c2ccdee0,0x00000000c4380000)
 Metaspace       used 34939K, capacity 35212K, committed 35456K, reserved 1081344K
  class space    used 4387K, capacity 4478K, committed 4480K, reserved 1048576K
}

