# JRE version: Java(TM) SE Runtime Environment (8.0_441) (build 1.8.0_441-b07)
# Java VM: Java HotSpot(TM) 64-Bit Server VM (25.441-b07 mixed mode windows-amd64 compressed oops)
Heap:
 PSYoungGen      total 25600K, used 19555K [0x00000000eb580000, 0x00000000ed600000, 0x0000000100000000)
  eden space 19968K, 69% used [0x00000000eb580000,0x00000000ec31ea08,0x00000000ec900000)
  from space 5632K, 99% used [0x00000000ec900000,0x00000000ece7a2a8,0x00000000ece80000)
  to   space 6656K, 0% used [0x00000000ecf80000,0x00000000ecf80000,0x00000000ed600000)
 ParOldGen       total 16384K, used 9897K [0x00000000c2000000, 0x00000000c3000000, 0x00000000eb580000)
  object space 16384K, 60% used [0x00000000c2000000,0x00000000c29aa6d0,0x00000000c3000000)
 Metaspace       used 10230K, capacity 10516K, committed 10752K, reserved 1060864K
  class space    used 1126K, capacity 1168K, committed 1280K, reserved 1048576K
GC Heap History (10 events):
Event: 3.339 GC heap before
{Heap before GC invocations=6 (full 0):
 PSYoungGen      total 6656K, used 6514K [0x00000000eb580000, 0x00000000ec580000, 0x0000000100000000)
  eden space 6144K, 97% used [0x00000000eb580000,0x00000000ebb5cb70,0x00000000ebb80000)
  from space 512K, 100% used [0x00000000ebb80000,0x00000000ebc00000,0x00000000ebc00000)
  to   space 2048K, 0% used [0x00000000ec380000,0x00000000ec380000,0x00000000ec580000)
 ParOldGen       total 5632K, used 2497K [0x00000000c2000000, 0x00000000c2580000, 0x00000000eb580000)
  object space 5632K, 44% used [0x00000000c2000000,0x00000000c2270478,0x00000000c2580000)
 Metaspace       used 7654K, capacity 8372K, committed 8704K, reserved 1056768K
  class space    used 905K, capacity 944K, committed 1024K, reserved 1048576K
Event: 3.348 GC heap after
Heap after GC invocations=6 (full 0):
 PSYoungGen      total 13312K, used 2030K [0x00000000eb580000, 0x00000000ec780000, 0x0000000100000000)
  eden space 11264K, 0% used [0x00000000eb580000,0x00000000eb580000,0x00000000ec080000)
  from space 2048K, 99% used [0x00000000ec380000,0x00000000ec57bba0,0x00000000ec580000)
  to   space 3072K, 0% used [0x00000000ec080000,0x00000000ec080000,0x00000000ec380000)
 ParOldGen       total 5632K, used 3033K [0x00000000c2000000, 0x00000000c2580000, 0x00000000eb580000)
  object space 5632K, 53% used [0x00000000c2000000,0x00000000c22f6428,0x00000000c2580000)
 Metaspace       used 7654K, capacity 8372K, committed 8704K, reserved 1056768K
  class space    used 905K, capacity 944K, committed 1024K, reserved 1048576K
}
Event: 4.179 GC heap before
{Heap before GC invocations=7 (full 0):
 PSYoungGen      total 13312K, used 13294K [0x00000000eb580000, 0x00000000ec780000, 0x0000000100000000)
  eden space 11264K, 100% used [0x00000000eb580000,0x00000000ec080000,0x00000000ec080000)
  from space 2048K, 99% used [0x00000000ec380000,0x00000000ec57bba0,0x00000000ec580000)
  to   space 3072K, 0% used [0x00000000ec080000,0x00000000ec080000,0x00000000ec380000)
 ParOldGen       total 5632K, used 3033K [0x00000000c2000000, 0x00000000c2580000, 0x00000000eb580000)
  object space 5632K, 53% used [0x00000000c2000000,0x00000000c22f6428,0x00000000c2580000)
 Metaspace       used 7678K, capacity 8372K, committed 8704K, reserved 1056768K
  class space    used 906K, capacity 944K, committed 1024K, reserved 1048576K
Event: 4.226 GC heap after
Heap after GC invocations=7 (full 0):
 PSYoungGen      total 14336K, used 3065K [0x00000000eb580000, 0x00000000ed780000, 0x0000000100000000)
  eden space 11264K, 0% used [0x00000000eb580000,0x00000000eb580000,0x00000000ec080000)
  from space 3072K, 99% used [0x00000000ec080000,0x00000000ec37e490,0x00000000ec380000)
  to   space 6144K, 0% used [0x00000000ed180000,0x00000000ed180000,0x00000000ed780000)
 ParOldGen       total 10240K, used 8322K [0x00000000c2000000, 0x00000000c2a00000, 0x00000000eb580000)
  object space 10240K, 81% used [0x00000000c2000000,0x00000000c28208f0,0x00000000c2a00000)
 Metaspace       used 7678K, capacity 8372K, committed 8704K, reserved 1056768K
  class space    used 906K, capacity 944K, committed 1024K, reserved 1048576K
}
Event: 4.226 GC heap before
{Heap before GC invocations=8 (full 1):
 PSYoungGen      total 14336K, used 3065K [0x00000000eb580000, 0x00000000ed780000, 0x0000000100000000)
  eden space 11264K, 0% used [0x00000000eb580000,0x00000000eb580000,0x00000000ec080000)
  from space 3072K, 99% used [0x00000000ec080000,0x00000000ec37e490,0x00000000ec380000)
  to   space 6144K, 0% used [0x00000000ed180000,0x00000000ed180000,0x00000000ed780000)
 ParOldGen       total 10240K, used 8322K [0x00000000c2000000, 0x00000000c2a00000, 0x00000000eb580000)
  object space 10240K, 81% used [0x00000000c2000000,0x00000000c28208f0,0x00000000c2a00000)
 Metaspace       used 7678K, capacity 8372K, committed 8704K, reserved 1056768K
  class space    used 906K, capacity 944K, committed 1024K, reserved 1048576K
Event: 4.425 GC heap after
Heap after GC invocations=8 (full 1):
 PSYoungGen      total 14336K, used 503K [0x00000000eb580000, 0x00000000ed780000, 0x0000000100000000)
  eden space 11264K, 0% used [0x00000000eb580000,0x00000000eb580000,0x00000000ec080000)
  from space 3072K, 16% used [0x00000000ec080000,0x00000000ec0fdf40,0x00000000ec380000)
  to   space 6144K, 0% used [0x00000000ed180000,0x00000000ed180000,0x00000000ed780000)
 ParOldGen       total 16384K, used 9849K [0x00000000c2000000, 0x00000000c3000000, 0x00000000eb580000)
  object space 16384K, 60% used [0x00000000c2000000,0x00000000c299e6d0,0x00000000c3000000)
 Metaspace       used 7678K, capacity 8372K, committed 8704K, reserved 1056768K
  class space    used 906K, capacity 944K, committed 1024K, reserved 1048576K
}
Event: 5.008 GC heap before
{Heap before GC invocations=9 (full 1):
 PSYoungGen      total 14336K, used 11767K [0x00000000eb580000, 0x00000000ed780000, 0x0000000100000000)
  eden space 11264K, 100% used [0x00000000eb580000,0x00000000ec080000,0x00000000ec080000)
  from space 3072K, 16% used [0x00000000ec080000,0x00000000ec0fdf40,0x00000000ec380000)
  to   space 6144K, 0% used [0x00000000ed180000,0x00000000ed180000,0x00000000ed780000)
 ParOldGen       total 16384K, used 9849K [0x00000000c2000000, 0x00000000c3000000, 0x00000000eb580000)
  object space 16384K, 60% used [0x00000000c2000000,0x00000000c299e6d0,0x00000000c3000000)
 Metaspace       used 8074K, capacity 8756K, committed 8960K, reserved 1056768K
  class space    used 924K, capacity 944K, committed 1024K, reserved 1048576K
Event: 5.035 GC heap after
Heap after GC invocations=9 (full 1):
 PSYoungGen      total 18432K, used 2270K [0x00000000eb580000, 0x00000000ed400000, 0x0000000100000000)
  eden space 15872K, 0% used [0x00000000eb580000,0x00000000eb580000,0x00000000ec500000)
  from space 2560K, 88% used [0x00000000ed180000,0x00000000ed3b79b8,0x00000000ed400000)
  to   space 5632K, 0% used [0x00000000ec900000,0x00000000ec900000,0x00000000ece80000)
 ParOldGen       total 16384K, used 9857K [0x00000000c2000000, 0x00000000c3000000, 0x00000000eb580000)
  object space 16384K, 60% used [0x00000000c2000000,0x00000000c29a06d0,0x00000000c3000000)
 Metaspace       used 8074K, capacity 8756K, committed 8960K, reserved 1056768K
  class space    used 924K, capacity 944K, committed 1024K, reserved 1048576K
}
Event: 6.036 GC heap before
{Heap before GC invocations=10 (full 1):
 PSYoungGen      total 18432K, used 18142K [0x00000000eb580000, 0x00000000ed400000, 0x0000000100000000)
  eden space 15872K, 100% used [0x00000000eb580000,0x00000000ec500000,0x00000000ec500000)
  from space 2560K, 88% used [0x00000000ed180000,0x00000000ed3b79b8,0x00000000ed400000)
  to   space 5632K, 0% used [0x00000000ec900000,0x00000000ec900000,0x00000000ece80000)
 ParOldGen       total 16384K, used 9857K [0x00000000c2000000, 0x00000000c3000000, 0x00000000eb580000)
  object space 16384K, 60% used [0x00000000c2000000,0x00000000c29a06d0,0x00000000c3000000)
 Metaspace       used 9201K, capacity 9588K, committed 9856K, reserved 1058816K
  class space    used 1047K, capacity 1072K, committed 1152K, reserved 1048576K
Event: 6.065 GC heap after
Heap after GC invocations=10 (full 1):
 PSYoungGen      total 25600K, used 5608K [0x00000000eb580000, 0x00000000ed600000, 0x0000000100000000)
  eden space 19968K, 0% used [0x00000000eb580000,0x00000000eb580000,0x00000000ec900000)
  from space 5632K, 99% used [0x00000000ec900000,0x00000000ece7a2a8,0x00000000ece80000)
  to   space 6656K, 0% used [0x00000000ecf80000,0x00000000ecf80000,0x00000000ed600000)
 ParOldGen       total 16384K, used 9897K [0x00000000c2000000, 0x00000000c3000000, 0x00000000eb580000)
  object space 16384K, 60% used [0x00000000c2000000,0x00000000c29aa6d0,0x00000000c3000000)
 Metaspace       used 9201K, capacity 9588K, committed 9856K, reserved 1058816K
  class space    used 1047K, capacity 1072K, committed 1152K, reserved 1048576K
}

